<?xml version="1.0" encoding="UTF-8"?>
<!-- Generated by org.testng.reporters.JUnitXMLReporter -->
<testsuite hostname="Poojas-MacBook-Pro.local" ignored="0" name="Test1" tests="1" failures="1" timestamp="2022-09-06T21:08:33 PDT" time="0.067" errors="0">
  <testcase name="validateTitle" time="0.014" classname="testcases.testNg2">
    <failure type="java.lang.AssertionError" message="expected:&amp;lt;fail&amp;gt; but was:&amp;lt;pass&amp;gt;">
      <![CDATA[java.lang.AssertionError: expected:<fail> but was:<pass>
at testcases.testNg2.validateTitle(testNg2.java:26)
at java.util.ArrayList.forEach(ArrayList.java:1259)
... Removed 30 stack frames]]>
    </failure>
  </testcase> <!-- validateTitle -->
</testsuite> <!-- Test1 -->
