<?xml version="1.0" encoding="UTF-8"?>
<!-- Generated by org.testng.reporters.JUnitXMLReporter -->
<testsuite hostname="Poojas-MacBook-Pro.local" ignored="0" name="Test3" tests="4" failures="1" timestamp="2022-09-06T21:19:24 PDT" time="0.082" errors="0">
  <testcase name="doSkip" time="0.01" classname="regressiontest.test3">
    <skipped/>
  </testcase> <!-- doSkip -->
  <testcase name="doReg" time="0.005" classname="regressiontest.test3">
    <failure type="java.lang.AssertionError" message="registration failed">
      <![CDATA[java.lang.AssertionError: registration failed
at regressiontest.test3.doReg(test3.java:20)
at java.util.ArrayList.forEach(ArrayList.java:1259)
... Removed 28 stack frames]]>
    </failure>
  </testcase> <!-- doReg -->
  <testcase name="showNews" time="0.001" classname="regressiontest.test3"/>
  <testcase name="doLogin" time="0.0" classname="regressiontest.test3">
    <skipped/>
  </testcase> <!-- doLogin -->
</testsuite> <!-- Test3 -->
